<?xml version="1.0" encoding="UTF-8"?>
<testsuite name="com.mibs.cabinet.test.AppTest" tests="1" skipped="0" failures="0" errors="0" timestamp="2018-10-12T11:20:25" hostname="localhost" time="0.254">
  <properties/>
  <testcase name="testAppHasAGreeting" classname="com.mibs.cabinet.test.AppTest" time="0.254"/>
  <system-out><![CDATA[]]></system-out>
  <system-err><![CDATA[]]></system-err>
</testsuite>
